Arguments: 
  C:\Program Files\nodejs\node.exe C:\Users\PTC\AppData\Roaming\npm\node_modules\yarn\bin\yarn.js unlink

PATH: 
  C:\Windows\system32;C:\Windows;C:\Windows\System32\Wbem;C:\Windows\System32\WindowsPowerShell\v1.0\;C:\Windows\System32\OpenSSH\;C:\Program Files\nodejs\;C:\Program Files\Git\cmd;C:\Users\PTC\AppData\Local\Microsoft\WindowsApps;C:\Users\PTC\AppData\Roaming\npm;C:\Users\PTC\AppData\Local\Programs\Microsoft VS Code\bin

Yarn version: 
  1.22.4

Node version: 
  12.18.2

Platform: 
  win32 x64

Trace: 
  Error: Failed to replace env in config: ${NPM_TOKEN}
      at C:\Users\PTC\AppData\Roaming\npm\node_modules\yarn\lib\cli.js:98869:13
      at String.replace (<anonymous>)
      at envReplace (C:\Users\PTC\AppData\Roaming\npm\node_modules\yarn\lib\cli.js:98864:16)
      at Function.normalizeConfig (C:\Users\PTC\AppData\Roaming\npm\node_modules\yarn\lib\cli.js:31887:69)
      at NpmRegistry.<anonymous> (C:\Users\PTC\AppData\Roaming\npm\node_modules\yarn\lib\cli.js:31917:34)
      at Generator.next (<anonymous>)
      at step (C:\Users\PTC\AppData\Roaming\npm\node_modules\yarn\lib\cli.js:310:30)
      at C:\Users\PTC\AppData\Roaming\npm\node_modules\yarn\lib\cli.js:321:13

npm manifest: 
  {
    "name": "react-csv",
    "version": "2.0.3",
    "description": "Build CSV files on the fly basing on Array/literal object of data ",
    "main": "index.js",
    "jsnext:main": "src/index.js",
    "scripts": {
      "cdn": "node cdn/generator.js",
      "compile": "babel -d lib/ src/ --no-comments",
      "prepublish": "npm run compile && npm run cdn",
      "pretest": "npm run compile",
      "test2": "node_modules/.bin/_mocha test",
      "test": "node_modules/.bin/babel-node node_modules/.bin/babel-istanbul cover node_modules/.bin/_mocha -- test/*.js",
      "coverage": "istanbul cover _mocha -- --ui bdd -R spec -t 5000;open ./coverage/lcov-report/index.html",
      "cover": "node_modules/.bin/babel-node node_modules/.bin/babel-istanbul cover node_modules/.bin/_mocha",
      "coveralls": "npm run cover -- --report lcovonly && cat ./coverage/lcov.info | coveralls",
      "docgen": "documentation build  src/** -f html -o docs",
      "styleguide-server": "styleguidist server",
      "styleguide-build": "styleguidist build"
    },
    "repository": {
      "type": "git",
      "url": "git+https://github.com/react-csv/react-csv.git"
    },
    "keywords": [
      "csv",
      "excel",
      "react",
      "file",
      "IO",
      "download",
      "hyperlink",
      "component",
      "reuse",
      "ES7",
      "babel",
      "IE11"
    ],
    "author": "Abdennour TOUMI <http://abdennoor.com>",
    "license": "MIT",
    "bugs": {
      "url": "https://github.com/react-csv/react-csv/issues"
    },
    "homepage": "https://github.com/react-csv/react-csv#readme",
    "devDependencies": {
      "babel-cli": "^6.26.0",
      "babel-core": "^6.18.2",
      "babel-istanbul": "^0.12.2",
      "babel-loader": "^6.2.8",
      "babel-preset-env": "^1.6.1",
      "babel-preset-react": "^6.24.1",
      "babel-preset-stage-2": "^6.24.1",
      "browserify": "^13.3.0",
      "console-info": "0.0.4",
      "coveralls": "^2.11.15",
      "css-loader": "^0.26.1",
      "documentation": "^4.0.0-rc.1",
      "enzyme": "^2.8.2",
      "expect": "^1.20.2",
      "extract-text-webpack-plugin": "^1.0.1",
      "isparta-loader": "^2.0.0",
      "jsdom": "9.8.3",
      "jsdom-global": "2.1.0",
      "mocha": "^3.2.0",
      "mocha-lcov-reporter": "^1.2.0",
      "prop-types": "^15.5.8",
      "react": "^15.5.4",
      "react-docgen": "^2.13.0",
      "react-dom": "^15.5.4",
      "react-styleguidist": "^4.6.3",
      "react-test-renderer": "^15.5.4",
      "sass-loader": "^4.0.2",
      "sinon": "^1.17.6",
      "style-loader": "^0.13.1",
      "uglify-js": "^2.7.5",
      "webpack": "^1.13.3",
      "webpack-dev-middleware": "^1.8.4",
      "webpack-dev-server": "^3.1.11",
      "webpack-hot-middleware": "^2.13.2"
    }
  }

yarn manifest: 
  No manifest

Lockfile: 
  No lockfile
